<?xml version="1.0" encoding="UTF-8"?>
<!-- Generated by org.testng.reporters.JUnitReportReporter -->
<testsuite hostname="DESKTOP-M12GQPD" failures="0" tests="1" name="testCases.TC002_LoginTest" time="2.930" errors="0" timestamp="2025-03-08T13:03:12 SAST" skipped="0">
  <testcase classname="testCases.TC002_LoginTest" name="verify_login" time="2.930"/>
</testsuite> <!-- testCases.TC002_LoginTest -->
