<?xml version="1.0" encoding="UTF-8"?>
<!-- Generated by org.testng.reporters.JUnitReportReporter -->
<testsuite hostname="DESKTOP-M12GQPD" failures="0" tests="1" name="testCases.TC001_AccountRegistrationTest" time="4.685" errors="0" timestamp="2025-03-08T13:03:12 SAST" skipped="0">
  <testcase classname="testCases.TC001_AccountRegistrationTest" name="verify_account_registration" time="4.685"/>
</testsuite> <!-- testCases.TC001_AccountRegistrationTest -->
