<?xml version="1.0" encoding="UTF-8"?>
<!-- Generated by org.testng.reporters.JUnitReportReporter -->
<testsuite hostname="DESKTOP-M12GQPD" failures="0" tests="1" name="testCases.TC002_LoginTest" time="3.705" errors="0" timestamp="2025-03-08T12:46:11 SAST" skipped="0">
  <testcase classname="testCases.TC002_LoginTest" name="verify_login" time="3.705"/>
</testsuite> <!-- testCases.TC002_LoginTest -->
